[01m[K/home/fabio/mio_ws/src/conv/src/clothnode.cpp:[m[K In member function ‘[01m[Kvoid myclass1::cbfunction(const ConstPtr&)[m[K’:
[01m[K/home/fabio/mio_ws/src/conv/src/clothnode.cpp:53:15:[m[K [01;31m[Kerror: [m[K‘[01m[Kcout[m[K’ was not declared in this scope; did you mean ‘[01m[Kstd::cout[m[K’?
   53 |               [01;31m[Kcout[m[K<<"x:"<<v1.markers[0].pose.x<<endl;
      |               [01;31m[K^~~~[m[K
      |               [32m[Kstd::cout[m[K
In file included from [01m[K/opt/ros/noetic/include/ros/time.h:54[m[K,
                 from [01m[K/opt/ros/noetic/include/ros/ros.h:38[m[K,
                 from [01m[K/home/fabio/mio_ws/src/conv/src/clothnode.cpp:1[m[K:
[01m[K/usr/include/c++/9/iostream:61:18:[m[K [01;36m[Knote: [m[K‘[01m[Kstd::cout[m[K’ declared here
   61 |   extern ostream [01;36m[Kcout[m[K;  /// Linked to standard output
      |                  [01;36m[K^~~~[m[K
[01m[K/home/fabio/mio_ws/src/conv/src/clothnode.cpp:53:46:[m[K [01;31m[Kerror: [m[K‘[01m[Kvisualization_msgs::Marker_<std::allocator<void> >::_pose_type[m[K’ {aka ‘[01m[Kstruct geometry_msgs::Pose_<std::allocator<void> >[m[K’} has no member named ‘[01m[Kx[m[K’
   53 |               cout<<"x:"<<v1.markers[0].pose.[01;31m[Kx[m[K<<endl;
      |                                              [01;31m[K^[m[K
[01m[K/home/fabio/mio_ws/src/conv/src/clothnode.cpp:53:49:[m[K [01;31m[Kerror: [m[K‘[01m[Kendl[m[K’ was not declared in this scope; did you mean ‘[01m[Kstd::endl[m[K’?
   53 |               cout<<"x:"<<v1.markers[0].pose.x<<[01;31m[Kendl[m[K;
      |                                                 [01;31m[K^~~~[m[K
      |                                                 [32m[Kstd::endl[m[K
In file included from [01m[K/usr/include/c++/9/iostream:39[m[K,
                 from [01m[K/opt/ros/noetic/include/ros/time.h:54[m[K,
                 from [01m[K/opt/ros/noetic/include/ros/ros.h:38[m[K,
                 from [01m[K/home/fabio/mio_ws/src/conv/src/clothnode.cpp:1[m[K:
[01m[K/usr/include/c++/9/ostream:599:5:[m[K [01;36m[Knote: [m[K‘[01m[Kstd::endl[m[K’ declared here
  599 |     [01;36m[Kendl[m[K(basic_ostream<_CharT, _Traits>& __os)
      |     [01;36m[K^~~~[m[K
[01m[K/home/fabio/mio_ws/src/conv/src/clothnode.cpp:54:46:[m[K [01;31m[Kerror: [m[K‘[01m[Kvisualization_msgs::Marker_<std::allocator<void> >::_pose_type[m[K’ {aka ‘[01m[Kstruct geometry_msgs::Pose_<std::allocator<void> >[m[K’} has no member named ‘[01m[Ky[m[K’
   54 |               cout<<"y:"<<v1.markers[0].pose.[01;31m[Ky[m[K<<endl;
      |                                              [01;31m[K^[m[K
[01m[K/home/fabio/mio_ws/src/conv/src/clothnode.cpp:55:46:[m[K [01;31m[Kerror: [m[K‘[01m[Kvisualization_msgs::Marker_<std::allocator<void> >::_pose_type[m[K’ {aka ‘[01m[Kstruct geometry_msgs::Pose_<std::allocator<void> >[m[K’} has no member named ‘[01m[Kz[m[K’
   55 |               cout<<"z:"<<v1.markers[0].pose.[01;31m[Kz[m[K<<endl;
      |                                              [01;31m[K^[m[K
[01m[K/home/fabio/mio_ws/src/conv/src/clothnode.cpp:56:52:[m[K [01;31m[Kerror: [m[K‘[01m[Kvisualization_msgs::Marker_<std::allocator<void> >::_pose_type[m[K’ {aka ‘[01m[Kstruct geometry_msgs::Pose_<std::allocator<void> >[m[K’} has no member named ‘[01m[Kz[m[K’
   56 |               cout<<"--------"<<v1.markers[0].pose.[01;31m[Kz[m[K<<endl;
      |                                                    [01;31m[K^[m[K
make[2]: *** [CMakeFiles/cloth_node.dir/build.make:63: CMakeFiles/cloth_node.dir/src/clothnode.cpp.o] Error 1
make[1]: *** [CMakeFiles/Makefile2:652: CMakeFiles/cloth_node.dir/all] Error 2
make: *** [Makefile:141: all] Error 2
