[  0%] Built target sensor_msgs_generate_messages_nodejs
[  0%] Built target geometry_msgs_generate_messages_nodejs
[  0%] Built target std_msgs_generate_messages_nodejs
[  0%] Built target sensor_msgs_generate_messages_py
[  0%] Built target sensor_msgs_generate_messages_cpp
[  0%] Built target std_msgs_generate_messages_py
[  0%] Built target geometry_msgs_generate_messages_py
[  0%] Built target std_msgs_generate_messages_cpp
[  0%] Built target sensor_msgs_generate_messages_lisp
[  0%] Built target geometry_msgs_generate_messages_cpp
[  0%] Built target geometry_msgs_generate_messages_lisp
[  0%] Built target std_msgs_generate_messages_lisp
[  0%] Built target _bulletsim_msgs_generate_messages_check_deps_Face
[  0%] Built target _bulletsim_msgs_generate_messages_check_deps_Mesh
[  0%] Built target _bulletsim_msgs_generate_messages_check_deps_OWLMarker
[  0%] Built target _bulletsim_msgs_generate_messages_check_deps_PlanTraj
[  0%] Built target _bulletsim_msgs_generate_messages_check_deps_TrackedObject
[  0%] Built target _bulletsim_msgs_generate_messages_check_deps_TowelCorners
[  0%] Built target _bulletsim_msgs_generate_messages_check_deps_Rope
[  0%] Built target _bulletsim_msgs_generate_messages_check_deps_GetTable
[  0%] Built target geometry_msgs_generate_messages_eus
[  0%] Built target _bulletsim_msgs_generate_messages_check_deps_OWLPhasespace
[  0%] Built target _bulletsim_msgs_generate_messages_check_deps_Initialization
[  0%] Built target _bulletsim_msgs_generate_messages_check_deps_ObjectInit
[  0%] Built target _bulletsim_msgs_generate_messages_check_deps_Box
[  0%] Built target sensor_msgs_generate_messages_eus
[  0%] Built target std_msgs_generate_messages_eus
[ 50%] Built target bulletsim_msgs_generate_messages_nodejs
[ 53%] Built target bulletsim_msgs_generate_messages_cpp
[ 57%] Built target bulletsim_msgs_generate_messages_lisp
[ 79%] Built target bulletsim_msgs_generate_messages_py
[100%] Built target bulletsim_msgs_generate_messages_eus
[100%] Built target bulletsim_msgs_generate_messages
