Linked: (/home/fabio/mio_ws/devel/.private/bulletsim_msgs/lib/pkgconfig/bulletsim_msgs.pc, /home/fabio/mio_ws/devel/lib/pkgconfig/bulletsim_msgs.pc)
Linked: (/home/fabio/mio_ws/devel/.private/bulletsim_msgs/lib/python3/dist-packages/bulletsim_msgs/__init__.py, /home/fabio/mio_ws/devel/lib/python3/dist-packages/bulletsim_msgs/__init__.py)
Linked: (/home/fabio/mio_ws/devel/.private/bulletsim_msgs/lib/python3/dist-packages/bulletsim_msgs/srv/__init__.py, /home/fabio/mio_ws/devel/lib/python3/dist-packages/bulletsim_msgs/srv/__init__.py)
Linked: (/home/fabio/mio_ws/devel/.private/bulletsim_msgs/lib/python3/dist-packages/bulletsim_msgs/srv/_PlanTraj.py, /home/fabio/mio_ws/devel/lib/python3/dist-packages/bulletsim_msgs/srv/_PlanTraj.py)
Linked: (/home/fabio/mio_ws/devel/.private/bulletsim_msgs/lib/python3/dist-packages/bulletsim_msgs/srv/_Initialization.py, /home/fabio/mio_ws/devel/lib/python3/dist-packages/bulletsim_msgs/srv/_Initialization.py)
Linked: (/home/fabio/mio_ws/devel/.private/bulletsim_msgs/lib/python3/dist-packages/bulletsim_msgs/srv/_GetTable.py, /home/fabio/mio_ws/devel/lib/python3/dist-packages/bulletsim_msgs/srv/_GetTable.py)
Linked: (/home/fabio/mio_ws/devel/.private/bulletsim_msgs/lib/python3/dist-packages/bulletsim_msgs/msg/__init__.py, /home/fabio/mio_ws/devel/lib/python3/dist-packages/bulletsim_msgs/msg/__init__.py)
Linked: (/home/fabio/mio_ws/devel/.private/bulletsim_msgs/lib/python3/dist-packages/bulletsim_msgs/msg/_TowelCorners.py, /home/fabio/mio_ws/devel/lib/python3/dist-packages/bulletsim_msgs/msg/_TowelCorners.py)
Linked: (/home/fabio/mio_ws/devel/.private/bulletsim_msgs/lib/python3/dist-packages/bulletsim_msgs/msg/_OWLPhasespace.py, /home/fabio/mio_ws/devel/lib/python3/dist-packages/bulletsim_msgs/msg/_OWLPhasespace.py)
Linked: (/home/fabio/mio_ws/devel/.private/bulletsim_msgs/lib/python3/dist-packages/bulletsim_msgs/msg/_Mesh.py, /home/fabio/mio_ws/devel/lib/python3/dist-packages/bulletsim_msgs/msg/_Mesh.py)
Linked: (/home/fabio/mio_ws/devel/.private/bulletsim_msgs/lib/python3/dist-packages/bulletsim_msgs/msg/_OWLMarker.py, /home/fabio/mio_ws/devel/lib/python3/dist-packages/bulletsim_msgs/msg/_OWLMarker.py)
Linked: (/home/fabio/mio_ws/devel/.private/bulletsim_msgs/lib/python3/dist-packages/bulletsim_msgs/msg/_Box.py, /home/fabio/mio_ws/devel/lib/python3/dist-packages/bulletsim_msgs/msg/_Box.py)
Linked: (/home/fabio/mio_ws/devel/.private/bulletsim_msgs/lib/python3/dist-packages/bulletsim_msgs/msg/_ObjectInit.py, /home/fabio/mio_ws/devel/lib/python3/dist-packages/bulletsim_msgs/msg/_ObjectInit.py)
Linked: (/home/fabio/mio_ws/devel/.private/bulletsim_msgs/lib/python3/dist-packages/bulletsim_msgs/msg/_Face.py, /home/fabio/mio_ws/devel/lib/python3/dist-packages/bulletsim_msgs/msg/_Face.py)
Linked: (/home/fabio/mio_ws/devel/.private/bulletsim_msgs/lib/python3/dist-packages/bulletsim_msgs/msg/_Rope.py, /home/fabio/mio_ws/devel/lib/python3/dist-packages/bulletsim_msgs/msg/_Rope.py)
Linked: (/home/fabio/mio_ws/devel/.private/bulletsim_msgs/lib/python3/dist-packages/bulletsim_msgs/msg/_TrackedObject.py, /home/fabio/mio_ws/devel/lib/python3/dist-packages/bulletsim_msgs/msg/_TrackedObject.py)
Linked: (/home/fabio/mio_ws/devel/.private/bulletsim_msgs/include/bulletsim_msgs/InitializationRequest.h, /home/fabio/mio_ws/devel/include/bulletsim_msgs/InitializationRequest.h)
Linked: (/home/fabio/mio_ws/devel/.private/bulletsim_msgs/include/bulletsim_msgs/GetTableRequest.h, /home/fabio/mio_ws/devel/include/bulletsim_msgs/GetTableRequest.h)
Linked: (/home/fabio/mio_ws/devel/.private/bulletsim_msgs/include/bulletsim_msgs/TrackedObject.h, /home/fabio/mio_ws/devel/include/bulletsim_msgs/TrackedObject.h)
Linked: (/home/fabio/mio_ws/devel/.private/bulletsim_msgs/include/bulletsim_msgs/OWLPhasespace.h, /home/fabio/mio_ws/devel/include/bulletsim_msgs/OWLPhasespace.h)
Linked: (/home/fabio/mio_ws/devel/.private/bulletsim_msgs/include/bulletsim_msgs/PlanTrajRequest.h, /home/fabio/mio_ws/devel/include/bulletsim_msgs/PlanTrajRequest.h)
Linked: (/home/fabio/mio_ws/devel/.private/bulletsim_msgs/include/bulletsim_msgs/Initialization.h, /home/fabio/mio_ws/devel/include/bulletsim_msgs/Initialization.h)
Linked: (/home/fabio/mio_ws/devel/.private/bulletsim_msgs/include/bulletsim_msgs/GetTable.h, /home/fabio/mio_ws/devel/include/bulletsim_msgs/GetTable.h)
Linked: (/home/fabio/mio_ws/devel/.private/bulletsim_msgs/include/bulletsim_msgs/GetTableResponse.h, /home/fabio/mio_ws/devel/include/bulletsim_msgs/GetTableResponse.h)
Linked: (/home/fabio/mio_ws/devel/.private/bulletsim_msgs/include/bulletsim_msgs/PlanTraj.h, /home/fabio/mio_ws/devel/include/bulletsim_msgs/PlanTraj.h)
Linked: (/home/fabio/mio_ws/devel/.private/bulletsim_msgs/include/bulletsim_msgs/PlanTrajResponse.h, /home/fabio/mio_ws/devel/include/bulletsim_msgs/PlanTrajResponse.h)
Linked: (/home/fabio/mio_ws/devel/.private/bulletsim_msgs/include/bulletsim_msgs/OWLMarker.h, /home/fabio/mio_ws/devel/include/bulletsim_msgs/OWLMarker.h)
Linked: (/home/fabio/mio_ws/devel/.private/bulletsim_msgs/include/bulletsim_msgs/Box.h, /home/fabio/mio_ws/devel/include/bulletsim_msgs/Box.h)
Linked: (/home/fabio/mio_ws/devel/.private/bulletsim_msgs/include/bulletsim_msgs/Rope.h, /home/fabio/mio_ws/devel/include/bulletsim_msgs/Rope.h)
Linked: (/home/fabio/mio_ws/devel/.private/bulletsim_msgs/include/bulletsim_msgs/TowelCorners.h, /home/fabio/mio_ws/devel/include/bulletsim_msgs/TowelCorners.h)
Linked: (/home/fabio/mio_ws/devel/.private/bulletsim_msgs/include/bulletsim_msgs/ObjectInit.h, /home/fabio/mio_ws/devel/include/bulletsim_msgs/ObjectInit.h)
Linked: (/home/fabio/mio_ws/devel/.private/bulletsim_msgs/include/bulletsim_msgs/InitializationResponse.h, /home/fabio/mio_ws/devel/include/bulletsim_msgs/InitializationResponse.h)
Linked: (/home/fabio/mio_ws/devel/.private/bulletsim_msgs/include/bulletsim_msgs/Face.h, /home/fabio/mio_ws/devel/include/bulletsim_msgs/Face.h)
Linked: (/home/fabio/mio_ws/devel/.private/bulletsim_msgs/include/bulletsim_msgs/Mesh.h, /home/fabio/mio_ws/devel/include/bulletsim_msgs/Mesh.h)
Linked: (/home/fabio/mio_ws/devel/.private/bulletsim_msgs/share/common-lisp/ros/bulletsim_msgs/srv/Initialization.lisp, /home/fabio/mio_ws/devel/share/common-lisp/ros/bulletsim_msgs/srv/Initialization.lisp)
Linked: (/home/fabio/mio_ws/devel/.private/bulletsim_msgs/share/common-lisp/ros/bulletsim_msgs/srv/_package_PlanTraj.lisp, /home/fabio/mio_ws/devel/share/common-lisp/ros/bulletsim_msgs/srv/_package_PlanTraj.lisp)
Linked: (/home/fabio/mio_ws/devel/.private/bulletsim_msgs/share/common-lisp/ros/bulletsim_msgs/srv/GetTable.lisp, /home/fabio/mio_ws/devel/share/common-lisp/ros/bulletsim_msgs/srv/GetTable.lisp)
Linked: (/home/fabio/mio_ws/devel/.private/bulletsim_msgs/share/common-lisp/ros/bulletsim_msgs/srv/_package_Initialization.lisp, /home/fabio/mio_ws/devel/share/common-lisp/ros/bulletsim_msgs/srv/_package_Initialization.lisp)
Linked: (/home/fabio/mio_ws/devel/.private/bulletsim_msgs/share/common-lisp/ros/bulletsim_msgs/srv/_package.lisp, /home/fabio/mio_ws/devel/share/common-lisp/ros/bulletsim_msgs/srv/_package.lisp)
Linked: (/home/fabio/mio_ws/devel/.private/bulletsim_msgs/share/common-lisp/ros/bulletsim_msgs/srv/PlanTraj.lisp, /home/fabio/mio_ws/devel/share/common-lisp/ros/bulletsim_msgs/srv/PlanTraj.lisp)
Linked: (/home/fabio/mio_ws/devel/.private/bulletsim_msgs/share/common-lisp/ros/bulletsim_msgs/srv/_package_GetTable.lisp, /home/fabio/mio_ws/devel/share/common-lisp/ros/bulletsim_msgs/srv/_package_GetTable.lisp)
Linked: (/home/fabio/mio_ws/devel/.private/bulletsim_msgs/share/common-lisp/ros/bulletsim_msgs/srv/bulletsim_msgs-srv.asd, /home/fabio/mio_ws/devel/share/common-lisp/ros/bulletsim_msgs/srv/bulletsim_msgs-srv.asd)
Linked: (/home/fabio/mio_ws/devel/.private/bulletsim_msgs/share/common-lisp/ros/bulletsim_msgs/msg/_package_Mesh.lisp, /home/fabio/mio_ws/devel/share/common-lisp/ros/bulletsim_msgs/msg/_package_Mesh.lisp)
Linked: (/home/fabio/mio_ws/devel/.private/bulletsim_msgs/share/common-lisp/ros/bulletsim_msgs/msg/Mesh.lisp, /home/fabio/mio_ws/devel/share/common-lisp/ros/bulletsim_msgs/msg/Mesh.lisp)
Linked: (/home/fabio/mio_ws/devel/.private/bulletsim_msgs/share/common-lisp/ros/bulletsim_msgs/msg/Rope.lisp, /home/fabio/mio_ws/devel/share/common-lisp/ros/bulletsim_msgs/msg/Rope.lisp)
Linked: (/home/fabio/mio_ws/devel/.private/bulletsim_msgs/share/common-lisp/ros/bulletsim_msgs/msg/_package_Face.lisp, /home/fabio/mio_ws/devel/share/common-lisp/ros/bulletsim_msgs/msg/_package_Face.lisp)
Linked: (/home/fabio/mio_ws/devel/.private/bulletsim_msgs/share/common-lisp/ros/bulletsim_msgs/msg/TowelCorners.lisp, /home/fabio/mio_ws/devel/share/common-lisp/ros/bulletsim_msgs/msg/TowelCorners.lisp)
Linked: (/home/fabio/mio_ws/devel/.private/bulletsim_msgs/share/common-lisp/ros/bulletsim_msgs/msg/_package_TrackedObject.lisp, /home/fabio/mio_ws/devel/share/common-lisp/ros/bulletsim_msgs/msg/_package_TrackedObject.lisp)
Linked: (/home/fabio/mio_ws/devel/.private/bulletsim_msgs/share/common-lisp/ros/bulletsim_msgs/msg/Box.lisp, /home/fabio/mio_ws/devel/share/common-lisp/ros/bulletsim_msgs/msg/Box.lisp)
Linked: (/home/fabio/mio_ws/devel/.private/bulletsim_msgs/share/common-lisp/ros/bulletsim_msgs/msg/TrackedObject.lisp, /home/fabio/mio_ws/devel/share/common-lisp/ros/bulletsim_msgs/msg/TrackedObject.lisp)
Linked: (/home/fabio/mio_ws/devel/.private/bulletsim_msgs/share/common-lisp/ros/bulletsim_msgs/msg/OWLPhasespace.lisp, /home/fabio/mio_ws/devel/share/common-lisp/ros/bulletsim_msgs/msg/OWLPhasespace.lisp)
Linked: (/home/fabio/mio_ws/devel/.private/bulletsim_msgs/share/common-lisp/ros/bulletsim_msgs/msg/_package.lisp, /home/fabio/mio_ws/devel/share/common-lisp/ros/bulletsim_msgs/msg/_package.lisp)
Linked: (/home/fabio/mio_ws/devel/.private/bulletsim_msgs/share/common-lisp/ros/bulletsim_msgs/msg/_package_OWLMarker.lisp, /home/fabio/mio_ws/devel/share/common-lisp/ros/bulletsim_msgs/msg/_package_OWLMarker.lisp)
Linked: (/home/fabio/mio_ws/devel/.private/bulletsim_msgs/share/common-lisp/ros/bulletsim_msgs/msg/bulletsim_msgs-msg.asd, /home/fabio/mio_ws/devel/share/common-lisp/ros/bulletsim_msgs/msg/bulletsim_msgs-msg.asd)
Linked: (/home/fabio/mio_ws/devel/.private/bulletsim_msgs/share/common-lisp/ros/bulletsim_msgs/msg/_package_ObjectInit.lisp, /home/fabio/mio_ws/devel/share/common-lisp/ros/bulletsim_msgs/msg/_package_ObjectInit.lisp)
Linked: (/home/fabio/mio_ws/devel/.private/bulletsim_msgs/share/common-lisp/ros/bulletsim_msgs/msg/ObjectInit.lisp, /home/fabio/mio_ws/devel/share/common-lisp/ros/bulletsim_msgs/msg/ObjectInit.lisp)
Linked: (/home/fabio/mio_ws/devel/.private/bulletsim_msgs/share/common-lisp/ros/bulletsim_msgs/msg/_package_OWLPhasespace.lisp, /home/fabio/mio_ws/devel/share/common-lisp/ros/bulletsim_msgs/msg/_package_OWLPhasespace.lisp)
Linked: (/home/fabio/mio_ws/devel/.private/bulletsim_msgs/share/common-lisp/ros/bulletsim_msgs/msg/_package_Box.lisp, /home/fabio/mio_ws/devel/share/common-lisp/ros/bulletsim_msgs/msg/_package_Box.lisp)
Linked: (/home/fabio/mio_ws/devel/.private/bulletsim_msgs/share/common-lisp/ros/bulletsim_msgs/msg/OWLMarker.lisp, /home/fabio/mio_ws/devel/share/common-lisp/ros/bulletsim_msgs/msg/OWLMarker.lisp)
Linked: (/home/fabio/mio_ws/devel/.private/bulletsim_msgs/share/common-lisp/ros/bulletsim_msgs/msg/_package_TowelCorners.lisp, /home/fabio/mio_ws/devel/share/common-lisp/ros/bulletsim_msgs/msg/_package_TowelCorners.lisp)
Linked: (/home/fabio/mio_ws/devel/.private/bulletsim_msgs/share/common-lisp/ros/bulletsim_msgs/msg/_package_Rope.lisp, /home/fabio/mio_ws/devel/share/common-lisp/ros/bulletsim_msgs/msg/_package_Rope.lisp)
Linked: (/home/fabio/mio_ws/devel/.private/bulletsim_msgs/share/common-lisp/ros/bulletsim_msgs/msg/Face.lisp, /home/fabio/mio_ws/devel/share/common-lisp/ros/bulletsim_msgs/msg/Face.lisp)
Linked: (/home/fabio/mio_ws/devel/.private/bulletsim_msgs/share/gennodejs/ros/bulletsim_msgs/_index.js, /home/fabio/mio_ws/devel/share/gennodejs/ros/bulletsim_msgs/_index.js)
Linked: (/home/fabio/mio_ws/devel/.private/bulletsim_msgs/share/gennodejs/ros/bulletsim_msgs/srv/GetTable.js, /home/fabio/mio_ws/devel/share/gennodejs/ros/bulletsim_msgs/srv/GetTable.js)
Linked: (/home/fabio/mio_ws/devel/.private/bulletsim_msgs/share/gennodejs/ros/bulletsim_msgs/srv/_index.js, /home/fabio/mio_ws/devel/share/gennodejs/ros/bulletsim_msgs/srv/_index.js)
Linked: (/home/fabio/mio_ws/devel/.private/bulletsim_msgs/share/gennodejs/ros/bulletsim_msgs/srv/Initialization.js, /home/fabio/mio_ws/devel/share/gennodejs/ros/bulletsim_msgs/srv/Initialization.js)
Linked: (/home/fabio/mio_ws/devel/.private/bulletsim_msgs/share/gennodejs/ros/bulletsim_msgs/srv/PlanTraj.js, /home/fabio/mio_ws/devel/share/gennodejs/ros/bulletsim_msgs/srv/PlanTraj.js)
Linked: (/home/fabio/mio_ws/devel/.private/bulletsim_msgs/share/gennodejs/ros/bulletsim_msgs/msg/Rope.js, /home/fabio/mio_ws/devel/share/gennodejs/ros/bulletsim_msgs/msg/Rope.js)
Linked: (/home/fabio/mio_ws/devel/.private/bulletsim_msgs/share/gennodejs/ros/bulletsim_msgs/msg/ObjectInit.js, /home/fabio/mio_ws/devel/share/gennodejs/ros/bulletsim_msgs/msg/ObjectInit.js)
Linked: (/home/fabio/mio_ws/devel/.private/bulletsim_msgs/share/gennodejs/ros/bulletsim_msgs/msg/OWLPhasespace.js, /home/fabio/mio_ws/devel/share/gennodejs/ros/bulletsim_msgs/msg/OWLPhasespace.js)
Linked: (/home/fabio/mio_ws/devel/.private/bulletsim_msgs/share/gennodejs/ros/bulletsim_msgs/msg/OWLMarker.js, /home/fabio/mio_ws/devel/share/gennodejs/ros/bulletsim_msgs/msg/OWLMarker.js)
Linked: (/home/fabio/mio_ws/devel/.private/bulletsim_msgs/share/gennodejs/ros/bulletsim_msgs/msg/Mesh.js, /home/fabio/mio_ws/devel/share/gennodejs/ros/bulletsim_msgs/msg/Mesh.js)
Linked: (/home/fabio/mio_ws/devel/.private/bulletsim_msgs/share/gennodejs/ros/bulletsim_msgs/msg/_index.js, /home/fabio/mio_ws/devel/share/gennodejs/ros/bulletsim_msgs/msg/_index.js)
Linked: (/home/fabio/mio_ws/devel/.private/bulletsim_msgs/share/gennodejs/ros/bulletsim_msgs/msg/Face.js, /home/fabio/mio_ws/devel/share/gennodejs/ros/bulletsim_msgs/msg/Face.js)
Linked: (/home/fabio/mio_ws/devel/.private/bulletsim_msgs/share/gennodejs/ros/bulletsim_msgs/msg/TrackedObject.js, /home/fabio/mio_ws/devel/share/gennodejs/ros/bulletsim_msgs/msg/TrackedObject.js)
Linked: (/home/fabio/mio_ws/devel/.private/bulletsim_msgs/share/gennodejs/ros/bulletsim_msgs/msg/Box.js, /home/fabio/mio_ws/devel/share/gennodejs/ros/bulletsim_msgs/msg/Box.js)
Linked: (/home/fabio/mio_ws/devel/.private/bulletsim_msgs/share/gennodejs/ros/bulletsim_msgs/msg/TowelCorners.js, /home/fabio/mio_ws/devel/share/gennodejs/ros/bulletsim_msgs/msg/TowelCorners.js)
Linked: (/home/fabio/mio_ws/devel/.private/bulletsim_msgs/share/roseus/ros/bulletsim_msgs/manifest.l, /home/fabio/mio_ws/devel/share/roseus/ros/bulletsim_msgs/manifest.l)
Linked: (/home/fabio/mio_ws/devel/.private/bulletsim_msgs/share/roseus/ros/bulletsim_msgs/srv/Initialization.l, /home/fabio/mio_ws/devel/share/roseus/ros/bulletsim_msgs/srv/Initialization.l)
Linked: (/home/fabio/mio_ws/devel/.private/bulletsim_msgs/share/roseus/ros/bulletsim_msgs/srv/GetTable.l, /home/fabio/mio_ws/devel/share/roseus/ros/bulletsim_msgs/srv/GetTable.l)
Linked: (/home/fabio/mio_ws/devel/.private/bulletsim_msgs/share/roseus/ros/bulletsim_msgs/srv/PlanTraj.l, /home/fabio/mio_ws/devel/share/roseus/ros/bulletsim_msgs/srv/PlanTraj.l)
Linked: (/home/fabio/mio_ws/devel/.private/bulletsim_msgs/share/roseus/ros/bulletsim_msgs/msg/OWLMarker.l, /home/fabio/mio_ws/devel/share/roseus/ros/bulletsim_msgs/msg/OWLMarker.l)
Linked: (/home/fabio/mio_ws/devel/.private/bulletsim_msgs/share/roseus/ros/bulletsim_msgs/msg/TrackedObject.l, /home/fabio/mio_ws/devel/share/roseus/ros/bulletsim_msgs/msg/TrackedObject.l)
Linked: (/home/fabio/mio_ws/devel/.private/bulletsim_msgs/share/roseus/ros/bulletsim_msgs/msg/Rope.l, /home/fabio/mio_ws/devel/share/roseus/ros/bulletsim_msgs/msg/Rope.l)
Linked: (/home/fabio/mio_ws/devel/.private/bulletsim_msgs/share/roseus/ros/bulletsim_msgs/msg/Mesh.l, /home/fabio/mio_ws/devel/share/roseus/ros/bulletsim_msgs/msg/Mesh.l)
Linked: (/home/fabio/mio_ws/devel/.private/bulletsim_msgs/share/roseus/ros/bulletsim_msgs/msg/OWLPhasespace.l, /home/fabio/mio_ws/devel/share/roseus/ros/bulletsim_msgs/msg/OWLPhasespace.l)
Linked: (/home/fabio/mio_ws/devel/.private/bulletsim_msgs/share/roseus/ros/bulletsim_msgs/msg/TowelCorners.l, /home/fabio/mio_ws/devel/share/roseus/ros/bulletsim_msgs/msg/TowelCorners.l)
Linked: (/home/fabio/mio_ws/devel/.private/bulletsim_msgs/share/roseus/ros/bulletsim_msgs/msg/Face.l, /home/fabio/mio_ws/devel/share/roseus/ros/bulletsim_msgs/msg/Face.l)
Linked: (/home/fabio/mio_ws/devel/.private/bulletsim_msgs/share/roseus/ros/bulletsim_msgs/msg/ObjectInit.l, /home/fabio/mio_ws/devel/share/roseus/ros/bulletsim_msgs/msg/ObjectInit.l)
Linked: (/home/fabio/mio_ws/devel/.private/bulletsim_msgs/share/roseus/ros/bulletsim_msgs/msg/Box.l, /home/fabio/mio_ws/devel/share/roseus/ros/bulletsim_msgs/msg/Box.l)
Linked: (/home/fabio/mio_ws/devel/.private/bulletsim_msgs/share/bulletsim_msgs/cmake/bulletsim_msgs-msg-paths.cmake, /home/fabio/mio_ws/devel/share/bulletsim_msgs/cmake/bulletsim_msgs-msg-paths.cmake)
Linked: (/home/fabio/mio_ws/devel/.private/bulletsim_msgs/share/bulletsim_msgs/cmake/bulletsim_msgs-msg-extras.cmake, /home/fabio/mio_ws/devel/share/bulletsim_msgs/cmake/bulletsim_msgs-msg-extras.cmake)
Linked: (/home/fabio/mio_ws/devel/.private/bulletsim_msgs/share/bulletsim_msgs/cmake/bulletsim_msgsConfig-version.cmake, /home/fabio/mio_ws/devel/share/bulletsim_msgs/cmake/bulletsim_msgsConfig-version.cmake)
Linked: (/home/fabio/mio_ws/devel/.private/bulletsim_msgs/share/bulletsim_msgs/cmake/bulletsim_msgsConfig.cmake, /home/fabio/mio_ws/devel/share/bulletsim_msgs/cmake/bulletsim_msgsConfig.cmake)
